  Webserver.cpp
E:\projects\VCPKG\installed\x86-windows\include\uwebsockets\WebSocketProtocol.h(337,68): warning C4244: аргумент: преобразование "T" в "size_t", возможна потеря данных
          with
          [
              T=uint64_t
          ]
E:\projects\VCPKG\installed\x86-windows\include\uwebsockets\WebSocketProtocol.h(460): message : выполняется компиляция ссылки на экземпляр шаблон функции "bool uWS::WebSocketProtocol<true,uWS::WebSocketContext<false,true,UserData>>::consumeMessage<14,uint64_t>(T,char *&,unsigned int &,uWS::WebSocketState<true> *,void *)"
          with
          [
              UserData=ClientDataConnection,
              T=uint64_t
          ]
E:\projects\VCPKG\installed\x86-windows\include\uwebsockets\WebSocketProtocol.h(460): message : выполняется компиляция ссылки на экземпляр шаблон функции "bool uWS::WebSocketProtocol<true,uWS::WebSocketContext<false,true,UserData>>::consumeMessage<14,uint64_t>(T,char *&,unsigned int &,uWS::WebSocketState<true> *,void *)"
          with
          [
              UserData=ClientDataConnection,
              T=uint64_t
          ]
E:\projects\VCPKG\installed\x86-windows\include\uwebsockets\WebSocketProtocol.h(431): message : во время компиляции функции-члена класс шаблон "void uWS::WebSocketProtocol<true,uWS::WebSocketContext<false,true,UserData>>::consume(char *,unsigned int,uWS::WebSocketState<true> *,void *)"
          with
          [
              UserData=ClientDataConnection
          ]
E:\projects\VCPKG\installed\x86-windows\include\uwebsockets\WebSocketContext.h(299): message : выполняется компиляция ссылки на экземпляр шаблон функции "void uWS::WebSocketProtocol<true,uWS::WebSocketContext<false,true,UserData>>::consume(char *,unsigned int,uWS::WebSocketState<true> *,void *)"
          with
          [
              UserData=ClientDataConnection
          ]
E:\projects\VCPKG\installed\x86-windows\include\uwebsockets\WebSocketContext.h(299): message : выполняется компиляция ссылки на экземпляр класс шаблон функции "uWS::WebSocketProtocol<true,uWS::WebSocketContext<false,true,UserData>>"
          with
          [
              UserData=ClientDataConnection
          ]
E:\projects\VCPKG\installed\x86-windows\include\uwebsockets\WebSocketContext.h(248): message : во время компиляции функции-члена класс шаблон "uWS::WebSocketContext<false,true,UserData> *uWS::WebSocketContext<false,true,UserData>::init(void)"
          with
          [
              UserData=ClientDataConnection
          ]
E:\projects\VCPKG\installed\x86-windows\include\uwebsockets\WebSocketContext.h(415): message : выполняется компиляция ссылки на экземпляр шаблон функции "uWS::WebSocketContext<false,true,UserData> *uWS::WebSocketContext<false,true,UserData>::init(void)"
          with
          [
              UserData=ClientDataConnection
          ]
E:\projects\VCPKG\installed\x86-windows\include\uwebsockets\App.h(294): message : выполняется компиляция ссылки на экземпляр класс шаблон функции "uWS::WebSocketContext<false,true,UserData>"
          with
          [
              UserData=ClientDataConnection
          ]
E:\projects\Coding\WebServer\Webserver\Webserver\Webserver.cpp(85): message : выполняется компиляция ссылки на экземпляр шаблон функции "uWS::TemplatedApp<false> &&uWS::TemplatedApp<false>::ws<ClientDataConnection>(std::string,uWS::TemplatedApp<false>::WebSocketBehavior<ClientDataConnection> &&)"
E:\projects\Coding\WebServer\Webserver\Webserver\Webserver.cpp(83): message : выполняется компиляция ссылки на экземпляр шаблон функции "uWS::TemplatedApp<false> &&uWS::TemplatedApp<false>::ws<ClientDataConnection>(std::string,uWS::TemplatedApp<false>::WebSocketBehavior<ClientDataConnection> &&)"
E:\Visual Studio\VC\Tools\MSVC\14.29.30133\include\algorithm(2892): message : выполняется компиляция ссылки на экземпляр шаблон функции "std::thread *main::<lambda_1>::operator ()<std::thread>(_T1 *) const"
          with
          [
              _T1=std::thread
          ]
E:\projects\Coding\WebServer\Webserver\Webserver\Webserver.cpp(85): message : выполняется компиляция ссылки на экземпляр шаблон функции "_OutIt std::transform<std::_Vector_iterator<std::_Vector_val<std::_Simple_types<_Ty>>>,std::_Vector_iterator<std::_Vector_val<std::_Simple_types<_Ty>>>,main::<lambda_1>>(const _InIt,const _InIt,_OutIt,_Fn)"
          with
          [
              _OutIt=std::_Vector_iterator<std::_Vector_val<std::_Simple_types<std::thread *>>>,
              _Ty=std::thread *,
              _InIt=std::_Vector_iterator<std::_Vector_val<std::_Simple_types<std::thread *>>>,
              _Fn=main::<lambda_1>
          ]
E:\projects\VCPKG\installed\x86-windows\include\uwebsockets\WebSocketProtocol.h(341,64): warning C4244: аргумент: преобразование "T" в "size_t", возможна потеря данных
          with
          [
              T=uint64_t
          ]
     Создается библиотека E:\projects\Coding\WebServer\Webserver\Debug\Webserver.lib и объект E:\projects\Coding\WebServer\Webserver\Debug\Webserver.exp
  Webserver.vcxproj -> E:\projects\Coding\WebServer\Webserver\Debug\Webserver.exe
